<?xml version="1.0" encoding="UTF-8"?>
<!-- Generated by org.testng.reporters.JUnitReportReporter -->
<testsuite hostname="DESKTOP-P2TSU4B" failures="0" tests="6" name="com.ECartAID.TestCases.SliderCarouseTestCases" time="131.057" errors="0" timestamp="29 Jun 2023 16:20:04 GMT" skipped="0">
  <testcase classname="com.ECartAID.TestCases.SliderCarouseTestCases" name="testSliderCarouselDisplayed" time="23.089"/>
  <testcase classname="com.ECartAID.TestCases.SliderCarouseTestCases" name="testMoveSliderCarouselNext" time="17.095"/>
  <testcase classname="com.ECartAID.TestCases.SliderCarouseTestCases" name="VerifyCrousel" time="19.749"/>
  <testcase classname="com.ECartAID.TestCases.SliderCarouseTestCases" name="testMoveSliderCarouselPrevious" time="29.438"/>
  <testcase classname="com.ECartAID.TestCases.SliderCarouseTestCases" name="testMoveSliderCarouselNextMultipleTimes" time="26.991"/>
  <testcase classname="com.ECartAID.TestCases.SliderCarouseTestCases" name="testMoveSliderCarouselPreviousMultipleTimes" time="14.695"/>
</testsuite> <!-- com.ECartAID.TestCases.SliderCarouseTestCases -->
