<?xml version="1.0" encoding="UTF-8"?>
<!-- Generated by org.testng.reporters.JUnitReportReporter -->
<testsuite hostname="DESKTOP-P2TSU4B" failures="0" tests="1" name="com.ECartAID.TestCases.LoginPageTestCases" time="22.972" errors="0" timestamp="26 Jun 2023 10:42:30 GMT" skipped="0">
  <testcase classname="com.ECartAID.TestCases.LoginPageTestCases" name="login" time="22.972"/>
</testsuite> <!-- com.ECartAID.TestCases.LoginPageTestCases -->
