<?xml version="1.0" encoding="UTF-8"?>
<!-- Generated by org.testng.reporters.JUnitReportReporter -->
<testsuite hostname="DESKTOP-P2TSU4B" failures="0" tests="2" name="com.ECartAID.TestCases.HomePageTestCases" time="34.209" errors="0" timestamp="26 Jun 2023 10:42:30 GMT" skipped="0">
  <testcase classname="com.ECartAID.TestCases.HomePageTestCases" name="verifytitle" time="11.773"/>
  <testcase classname="com.ECartAID.TestCases.HomePageTestCases" name="verifycategoryvisiblity" time="22.436"/>
</testsuite> <!-- com.ECartAID.TestCases.HomePageTestCases -->
